CRITICAL - 2025-06-03 05:56:37 --> Error: Class "Firebase\JWT\JWT" not found
[Method: POST, Route: api/login]
in APPPATH\Controllers\ApiController.php on line 59.
 1 SYSTEMPATH\CodeIgniter.php(933): App\Controllers\ApiController->login()
 2 SYSTEMPATH\CodeIgniter.php(507): CodeIgniter\CodeIgniter->runController(Object(App\Controllers\ApiController))
 3 SYSTEMPATH\CodeIgniter.php(354): CodeIgniter\CodeIgniter->handleRequest(null, Object(Config\Cache), false)
 4 SYSTEMPATH\Boot.php(334): CodeIgniter\CodeIgniter->run()
 5 SYSTEMPATH\Boot.php(67): CodeIgniter\Boot::runCodeIgniter(Object(CodeIgniter\CodeIgniter))
 6 FCPATH\index.php(56): CodeIgniter\Boot::bootWeb(Object(Config\Paths))
CRITICAL - 2025-06-03 05:57:36 --> Error: Class "Firebase\JWT\JWT" not found
[Method: POST, Route: api/login]
in APPPATH\Controllers\ApiController.php on line 61.
 1 SYSTEMPATH\CodeIgniter.php(933): App\Controllers\ApiController->login()
 2 SYSTEMPATH\CodeIgniter.php(507): CodeIgniter\CodeIgniter->runController(Object(App\Controllers\ApiController))
 3 SYSTEMPATH\CodeIgniter.php(354): CodeIgniter\CodeIgniter->handleRequest(null, Object(Config\Cache), false)
 4 SYSTEMPATH\Boot.php(334): CodeIgniter\CodeIgniter->run()
 5 SYSTEMPATH\Boot.php(67): CodeIgniter\Boot::runCodeIgniter(Object(CodeIgniter\CodeIgniter))
 6 FCPATH\index.php(56): CodeIgniter\Boot::bootWeb(Object(Config\Paths))
CRITICAL - 2025-06-03 06:01:01 --> Error: Class "Firebase\JWT\JWT" not found
[Method: POST, Route: api/login]
in APPPATH\Controllers\ApiController.php on line 61.
 1 SYSTEMPATH\CodeIgniter.php(933): App\Controllers\ApiController->login()
 2 SYSTEMPATH\CodeIgniter.php(507): CodeIgniter\CodeIgniter->runController(Object(App\Controllers\ApiController))
 3 SYSTEMPATH\CodeIgniter.php(354): CodeIgniter\CodeIgniter->handleRequest(null, Object(Config\Cache), false)
 4 SYSTEMPATH\Boot.php(334): CodeIgniter\CodeIgniter->run()
 5 SYSTEMPATH\Boot.php(67): CodeIgniter\Boot::runCodeIgniter(Object(CodeIgniter\CodeIgniter))
 6 FCPATH\index.php(56): CodeIgniter\Boot::bootWeb(Object(Config\Paths))
CRITICAL - 2025-06-03 06:01:34 --> Error: Class "Firebase\JWT\JWT" not found
[Method: POST, Route: api/login]
in APPPATH\Controllers\ApiController.php on line 62.
 1 SYSTEMPATH\CodeIgniter.php(933): App\Controllers\ApiController->login()
 2 SYSTEMPATH\CodeIgniter.php(507): CodeIgniter\CodeIgniter->runController(Object(App\Controllers\ApiController))
 3 SYSTEMPATH\CodeIgniter.php(354): CodeIgniter\CodeIgniter->handleRequest(null, Object(Config\Cache), false)
 4 SYSTEMPATH\Boot.php(334): CodeIgniter\CodeIgniter->run()
 5 SYSTEMPATH\Boot.php(67): CodeIgniter\Boot::runCodeIgniter(Object(CodeIgniter\CodeIgniter))
 6 FCPATH\index.php(56): CodeIgniter\Boot::bootWeb(Object(Config\Paths))
CRITICAL - 2025-06-03 06:01:46 --> Error: Class "Firebase\JWT\JWT" not found
[Method: POST, Route: api/login]
in APPPATH\Controllers\ApiController.php on line 62.
 1 SYSTEMPATH\CodeIgniter.php(933): App\Controllers\ApiController->login()
 2 SYSTEMPATH\CodeIgniter.php(507): CodeIgniter\CodeIgniter->runController(Object(App\Controllers\ApiController))
 3 SYSTEMPATH\CodeIgniter.php(354): CodeIgniter\CodeIgniter->handleRequest(null, Object(Config\Cache), false)
 4 SYSTEMPATH\Boot.php(334): CodeIgniter\CodeIgniter->run()
 5 SYSTEMPATH\Boot.php(67): CodeIgniter\Boot::runCodeIgniter(Object(CodeIgniter\CodeIgniter))
 6 FCPATH\index.php(56): CodeIgniter\Boot::bootWeb(Object(Config\Paths))
CRITICAL - 2025-06-03 06:02:17 --> Error: Class "Firebase\JWT\JWT" not found
[Method: GET, Route: api/login]
in APPPATH\Controllers\ApiController.php on line 62.
 1 SYSTEMPATH\CodeIgniter.php(933): App\Controllers\ApiController->login()
 2 SYSTEMPATH\CodeIgniter.php(507): CodeIgniter\CodeIgniter->runController(Object(App\Controllers\ApiController))
 3 SYSTEMPATH\CodeIgniter.php(354): CodeIgniter\CodeIgniter->handleRequest(null, Object(Config\Cache), false)
 4 SYSTEMPATH\Boot.php(334): CodeIgniter\CodeIgniter->run()
 5 SYSTEMPATH\Boot.php(67): CodeIgniter\Boot::runCodeIgniter(Object(CodeIgniter\CodeIgniter))
 6 FCPATH\index.php(56): CodeIgniter\Boot::bootWeb(Object(Config\Paths))
CRITICAL - 2025-06-03 06:02:28 --> Error: Class "Firebase\JWT\JWT" not found
[Method: POST, Route: api/login]
in APPPATH\Controllers\ApiController.php on line 62.
 1 SYSTEMPATH\CodeIgniter.php(933): App\Controllers\ApiController->login()
 2 SYSTEMPATH\CodeIgniter.php(507): CodeIgniter\CodeIgniter->runController(Object(App\Controllers\ApiController))
 3 SYSTEMPATH\CodeIgniter.php(354): CodeIgniter\CodeIgniter->handleRequest(null, Object(Config\Cache), false)
 4 SYSTEMPATH\Boot.php(334): CodeIgniter\CodeIgniter->run()
 5 SYSTEMPATH\Boot.php(67): CodeIgniter\Boot::runCodeIgniter(Object(CodeIgniter\CodeIgniter))
 6 FCPATH\index.php(56): CodeIgniter\Boot::bootWeb(Object(Config\Paths))
CRITICAL - 2025-06-03 06:05:19 --> Error: Class "Firebase\JWT\JWT" not found
[Method: POST, Route: api/login]
in APPPATH\Controllers\ApiController.php on line 62.
 1 SYSTEMPATH\CodeIgniter.php(933): App\Controllers\ApiController->login()
 2 SYSTEMPATH\CodeIgniter.php(507): CodeIgniter\CodeIgniter->runController(Object(App\Controllers\ApiController))
 3 SYSTEMPATH\CodeIgniter.php(354): CodeIgniter\CodeIgniter->handleRequest(null, Object(Config\Cache), false)
 4 SYSTEMPATH\Boot.php(334): CodeIgniter\CodeIgniter->run()
 5 SYSTEMPATH\Boot.php(67): CodeIgniter\Boot::runCodeIgniter(Object(CodeIgniter\CodeIgniter))
 6 FCPATH\index.php(56): CodeIgniter\Boot::bootWeb(Object(Config\Paths))
CRITICAL - 2025-06-03 06:05:23 --> Error: Class "Firebase\JWT\JWT" not found
[Method: POST, Route: api/login]
in APPPATH\Controllers\ApiController.php on line 62.
 1 SYSTEMPATH\CodeIgniter.php(933): App\Controllers\ApiController->login()
 2 SYSTEMPATH\CodeIgniter.php(507): CodeIgniter\CodeIgniter->runController(Object(App\Controllers\ApiController))
 3 SYSTEMPATH\CodeIgniter.php(354): CodeIgniter\CodeIgniter->handleRequest(null, Object(Config\Cache), false)
 4 SYSTEMPATH\Boot.php(334): CodeIgniter\CodeIgniter->run()
 5 SYSTEMPATH\Boot.php(67): CodeIgniter\Boot::runCodeIgniter(Object(CodeIgniter\CodeIgniter))
 6 FCPATH\index.php(56): CodeIgniter\Boot::bootWeb(Object(Config\Paths))
DEBUG - 2025-06-03 09:15:39 --> Session: Class initialized using 'CodeIgniter\Session\Handlers\FileHandler' driver.
DEBUG - 2025-06-03 09:15:46 --> Session: Class initialized using 'CodeIgniter\Session\Handlers\FileHandler' driver.
DEBUG - 2025-06-03 09:15:46 --> Session: Class initialized using 'CodeIgniter\Session\Handlers\FileHandler' driver.
DEBUG - 2025-06-03 09:15:53 --> Session: Class initialized using 'CodeIgniter\Session\Handlers\FileHandler' driver.
DEBUG - 2025-06-03 09:15:55 --> Session: Class initialized using 'CodeIgniter\Session\Handlers\FileHandler' driver.
DEBUG - 2025-06-03 09:15:58 --> Session: Class initialized using 'CodeIgniter\Session\Handlers\FileHandler' driver.
DEBUG - 2025-06-03 09:16:00 --> Session: Class initialized using 'CodeIgniter\Session\Handlers\FileHandler' driver.
DEBUG - 2025-06-03 09:16:02 --> Session: Class initialized using 'CodeIgniter\Session\Handlers\FileHandler' driver.
DEBUG - 2025-06-03 09:16:17 --> Session: Class initialized using 'CodeIgniter\Session\Handlers\FileHandler' driver.
DEBUG - 2025-06-03 09:16:22 --> Session: Class initialized using 'CodeIgniter\Session\Handlers\FileHandler' driver.
DEBUG - 2025-06-03 09:45:28 --> Session: Class initialized using 'CodeIgniter\Session\Handlers\FileHandler' driver.
DEBUG - 2025-06-03 09:46:49 --> Session: Class initialized using 'CodeIgniter\Session\Handlers\FileHandler' driver.
DEBUG - 2025-06-03 09:46:50 --> Session: Class initialized using 'CodeIgniter\Session\Handlers\FileHandler' driver.
DEBUG - 2025-06-03 09:46:53 --> Session: Class initialized using 'CodeIgniter\Session\Handlers\FileHandler' driver.
DEBUG - 2025-06-03 09:46:55 --> Session: Class initialized using 'CodeIgniter\Session\Handlers\FileHandler' driver.
DEBUG - 2025-06-03 09:48:10 --> Session: Class initialized using 'CodeIgniter\Session\Handlers\FileHandler' driver.
DEBUG - 2025-06-03 09:48:15 --> Session: Class initialized using 'CodeIgniter\Session\Handlers\FileHandler' driver.
DEBUG - 2025-06-03 09:48:23 --> Session: Class initialized using 'CodeIgniter\Session\Handlers\FileHandler' driver.
DEBUG - 2025-06-03 09:48:23 --> Session: Class initialized using 'CodeIgniter\Session\Handlers\FileHandler' driver.
DEBUG - 2025-06-03 09:48:26 --> Session: Class initialized using 'CodeIgniter\Session\Handlers\FileHandler' driver.
ERROR - 2025-06-03 09:48:26 --> mysqli_sql_exception: Unknown column 'customers.city_state' in 'field list' in C:\xamppp\htdocs\multi_role_project\system\Database\MySQLi\Connection.php:327
Stack trace:
#0 C:\xamppp\htdocs\multi_role_project\system\Database\MySQLi\Connection.php(327): mysqli->query('SELECT `signs`....', 0)
#1 C:\xamppp\htdocs\multi_role_project\system\Database\BaseConnection.php(738): CodeIgniter\Database\MySQLi\Connection->execute('SELECT `signs`....')
#2 C:\xamppp\htdocs\multi_role_project\system\Database\BaseConnection.php(652): CodeIgniter\Database\BaseConnection->simpleQuery('SELECT `signs`....')
#3 C:\xamppp\htdocs\multi_role_project\system\Database\BaseBuilder.php(1649): CodeIgniter\Database\BaseConnection->query('SELECT `signs`....', Array, false)
#4 C:\xamppp\htdocs\multi_role_project\system\Model.php(286): CodeIgniter\Database\BaseBuilder->get()
#5 C:\xamppp\htdocs\multi_role_project\system\BaseModel.php(675): CodeIgniter\Model->doFindAll(5, 0)
#6 C:\xamppp\htdocs\multi_role_project\system\BaseModel.php(1287): CodeIgniter\BaseModel->findAll(5, 0)
#7 C:\xamppp\htdocs\multi_role_project\app\Models\SignModel.php(115): CodeIgniter\BaseModel->paginate(5)
#8 C:\xamppp\htdocs\multi_role_project\app\Controllers\SignController.php(36): App\Models\SignModel->getSignsByAssignedUserPaginated(10, 5)
#9 C:\xamppp\htdocs\multi_role_project\system\CodeIgniter.php(933): App\Controllers\SignController->index()
#10 C:\xamppp\htdocs\multi_role_project\system\CodeIgniter.php(507): CodeIgniter\CodeIgniter->runController(Object(App\Controllers\SignController))
#11 C:\xamppp\htdocs\multi_role_project\system\CodeIgniter.php(354): CodeIgniter\CodeIgniter->handleRequest(NULL, Object(Config\Cache), false)
#12 C:\xamppp\htdocs\multi_role_project\system\Boot.php(334): CodeIgniter\CodeIgniter->run()
#13 C:\xamppp\htdocs\multi_role_project\system\Boot.php(67): CodeIgniter\Boot::runCodeIgniter(Object(CodeIgniter\CodeIgniter))
#14 C:\xamppp\htdocs\multi_role_project\index.php(56): CodeIgniter\Boot::bootWeb(Object(Config\Paths))
#15 {main}
CRITICAL - 2025-06-03 09:48:26 --> CodeIgniter\Database\Exceptions\DatabaseException: Unknown column 'customers.city_state' in 'field list'
[Method: GET, Route: admin/signs]
in SYSTEMPATH\Database\BaseConnection.php on line 692.
 1 SYSTEMPATH\Database\BaseBuilder.php(1649): CodeIgniter\Database\BaseConnection->query('SELECT `signs`.*, `projects`.`name` AS `project_name`, CONCAT(customers.first_name, " ", customers.last_name) AS customer_name, CONCAT(customers.address1, ", ", `customers`.`address2`, ", ", customers.city_state) AS customer_address, `customers`.`zipcode`, `customers`.`company_name`, `customers`.`phone` AS `contact_info`, `customers`.`created_at` AS `customer_created_at`
FROM `signs`
LEFT JOIN `projects` ON `projects`.`id` = `signs`.`project_id`
LEFT JOIN `customers` ON `customers`.`id` = `projects`.`customer_id`
WHERE `signs`.`assigned_to` = :signs.assigned_to:
ORDER BY `signs`.`due_date` DESC
 LIMIT 5', [...], false)
 2 SYSTEMPATH\Model.php(286): CodeIgniter\Database\BaseBuilder->get()
 3 SYSTEMPATH\BaseModel.php(675): CodeIgniter\Model->doFindAll(5, 0)
 4 SYSTEMPATH\BaseModel.php(1287): CodeIgniter\BaseModel->findAll(5, 0)
 5 APPPATH\Models\SignModel.php(115): CodeIgniter\BaseModel->paginate(5)
 6 APPPATH\Controllers\SignController.php(36): App\Models\SignModel->getSignsByAssignedUserPaginated(10, 5)
 7 SYSTEMPATH\CodeIgniter.php(933): App\Controllers\SignController->index()
 8 SYSTEMPATH\CodeIgniter.php(507): CodeIgniter\CodeIgniter->runController(Object(App\Controllers\SignController))
 9 SYSTEMPATH\CodeIgniter.php(354): CodeIgniter\CodeIgniter->handleRequest(null, Object(Config\Cache), false)
10 SYSTEMPATH\Boot.php(334): CodeIgniter\CodeIgniter->run()
11 SYSTEMPATH\Boot.php(67): CodeIgniter\Boot::runCodeIgniter(Object(CodeIgniter\CodeIgniter))
12 FCPATH\index.php(56): CodeIgniter\Boot::bootWeb(Object(Config\Paths))
CRITICAL - 2025-06-03 09:48:26 --> [Caused by] CodeIgniter\Database\Exceptions\DatabaseException: Unknown column 'customers.city_state' in 'field list'
in SYSTEMPATH\Database\MySQLi\Connection.php on line 332.
 1 SYSTEMPATH\Database\BaseConnection.php(738): CodeIgniter\Database\MySQLi\Connection->execute('SELECT `signs`.*, `projects`.`name` AS `project_name`, CONCAT(customers.first_name, " ", customers.last_name) AS customer_name, CONCAT(customers.address1, ", ", `customers`.`address2`, ", ", customers.city_state) AS customer_address, `customers`.`zipcode`, `customers`.`company_name`, `customers`.`phone` AS `contact_info`, `customers`.`created_at` AS `customer_created_at`
FROM `signs`
LEFT JOIN `projects` ON `projects`.`id` = `signs`.`project_id`
LEFT JOIN `customers` ON `customers`.`id` = `projects`.`customer_id`
WHERE `signs`.`assigned_to` = 10
ORDER BY `signs`.`due_date` DESC
 LIMIT 5')
 2 SYSTEMPATH\Database\BaseConnection.php(652): CodeIgniter\Database\BaseConnection->simpleQuery('SELECT `signs`.*, `projects`.`name` AS `project_name`, CONCAT(customers.first_name, " ", customers.last_name) AS customer_name, CONCAT(customers.address1, ", ", `customers`.`address2`, ", ", customers.city_state) AS customer_address, `customers`.`zipcode`, `customers`.`company_name`, `customers`.`phone` AS `contact_info`, `customers`.`created_at` AS `customer_created_at`
FROM `signs`
LEFT JOIN `projects` ON `projects`.`id` = `signs`.`project_id`
LEFT JOIN `customers` ON `customers`.`id` = `projects`.`customer_id`
WHERE `signs`.`assigned_to` = 10
ORDER BY `signs`.`due_date` DESC
 LIMIT 5')
 3 SYSTEMPATH\Database\BaseBuilder.php(1649): CodeIgniter\Database\BaseConnection->query('SELECT `signs`.*, `projects`.`name` AS `project_name`, CONCAT(customers.first_name, " ", customers.last_name) AS customer_name, CONCAT(customers.address1, ", ", `customers`.`address2`, ", ", customers.city_state) AS customer_address, `customers`.`zipcode`, `customers`.`company_name`, `customers`.`phone` AS `contact_info`, `customers`.`created_at` AS `customer_created_at`
FROM `signs`
LEFT JOIN `projects` ON `projects`.`id` = `signs`.`project_id`
LEFT JOIN `customers` ON `customers`.`id` = `projects`.`customer_id`
WHERE `signs`.`assigned_to` = :signs.assigned_to:
ORDER BY `signs`.`due_date` DESC
 LIMIT 5', [...], false)
 4 SYSTEMPATH\Model.php(286): CodeIgniter\Database\BaseBuilder->get()
 5 SYSTEMPATH\BaseModel.php(675): CodeIgniter\Model->doFindAll(5, 0)
 6 SYSTEMPATH\BaseModel.php(1287): CodeIgniter\BaseModel->findAll(5, 0)
 7 APPPATH\Models\SignModel.php(115): CodeIgniter\BaseModel->paginate(5)
 8 APPPATH\Controllers\SignController.php(36): App\Models\SignModel->getSignsByAssignedUserPaginated(10, 5)
 9 SYSTEMPATH\CodeIgniter.php(933): App\Controllers\SignController->index()
10 SYSTEMPATH\CodeIgniter.php(507): CodeIgniter\CodeIgniter->runController(Object(App\Controllers\SignController))
11 SYSTEMPATH\CodeIgniter.php(354): CodeIgniter\CodeIgniter->handleRequest(null, Object(Config\Cache), false)
12 SYSTEMPATH\Boot.php(334): CodeIgniter\CodeIgniter->run()
13 SYSTEMPATH\Boot.php(67): CodeIgniter\Boot::runCodeIgniter(Object(CodeIgniter\CodeIgniter))
14 FCPATH\index.php(56): CodeIgniter\Boot::bootWeb(Object(Config\Paths))
CRITICAL - 2025-06-03 09:48:26 --> [Caused by] mysqli_sql_exception: Unknown column 'customers.city_state' in 'field list'
in SYSTEMPATH\Database\MySQLi\Connection.php on line 327.
 1 SYSTEMPATH\Database\MySQLi\Connection.php(327): mysqli->query('SELECT `signs`.*, `projects`.`name` AS `project_name`, CONCAT(customers.first_name, " ", customers.last_name) AS customer_name, CONCAT(customers.address1, ", ", `customers`.`address2`, ", ", customers.city_state) AS customer_address, `customers`.`zipcode`, `customers`.`company_name`, `customers`.`phone` AS `contact_info`, `customers`.`created_at` AS `customer_created_at`
FROM `signs`
LEFT JOIN `projects` ON `projects`.`id` = `signs`.`project_id`
LEFT JOIN `customers` ON `customers`.`id` = `projects`.`customer_id`
WHERE `signs`.`assigned_to` = 10
ORDER BY `signs`.`due_date` DESC
 LIMIT 5', 0)
 2 SYSTEMPATH\Database\BaseConnection.php(738): CodeIgniter\Database\MySQLi\Connection->execute('SELECT `signs`.*, `projects`.`name` AS `project_name`, CONCAT(customers.first_name, " ", customers.last_name) AS customer_name, CONCAT(customers.address1, ", ", `customers`.`address2`, ", ", customers.city_state) AS customer_address, `customers`.`zipcode`, `customers`.`company_name`, `customers`.`phone` AS `contact_info`, `customers`.`created_at` AS `customer_created_at`
FROM `signs`
LEFT JOIN `projects` ON `projects`.`id` = `signs`.`project_id`
LEFT JOIN `customers` ON `customers`.`id` = `projects`.`customer_id`
WHERE `signs`.`assigned_to` = 10
ORDER BY `signs`.`due_date` DESC
 LIMIT 5')
 3 SYSTEMPATH\Database\BaseConnection.php(652): CodeIgniter\Database\BaseConnection->simpleQuery('SELECT `signs`.*, `projects`.`name` AS `project_name`, CONCAT(customers.first_name, " ", customers.last_name) AS customer_name, CONCAT(customers.address1, ", ", `customers`.`address2`, ", ", customers.city_state) AS customer_address, `customers`.`zipcode`, `customers`.`company_name`, `customers`.`phone` AS `contact_info`, `customers`.`created_at` AS `customer_created_at`
FROM `signs`
LEFT JOIN `projects` ON `projects`.`id` = `signs`.`project_id`
LEFT JOIN `customers` ON `customers`.`id` = `projects`.`customer_id`
WHERE `signs`.`assigned_to` = 10
ORDER BY `signs`.`due_date` DESC
 LIMIT 5')
 4 SYSTEMPATH\Database\BaseBuilder.php(1649): CodeIgniter\Database\BaseConnection->query('SELECT `signs`.*, `projects`.`name` AS `project_name`, CONCAT(customers.first_name, " ", customers.last_name) AS customer_name, CONCAT(customers.address1, ", ", `customers`.`address2`, ", ", customers.city_state) AS customer_address, `customers`.`zipcode`, `customers`.`company_name`, `customers`.`phone` AS `contact_info`, `customers`.`created_at` AS `customer_created_at`
FROM `signs`
LEFT JOIN `projects` ON `projects`.`id` = `signs`.`project_id`
LEFT JOIN `customers` ON `customers`.`id` = `projects`.`customer_id`
WHERE `signs`.`assigned_to` = :signs.assigned_to:
ORDER BY `signs`.`due_date` DESC
 LIMIT 5', [...], false)
 5 SYSTEMPATH\Model.php(286): CodeIgniter\Database\BaseBuilder->get()
 6 SYSTEMPATH\BaseModel.php(675): CodeIgniter\Model->doFindAll(5, 0)
 7 SYSTEMPATH\BaseModel.php(1287): CodeIgniter\BaseModel->findAll(5, 0)
 8 APPPATH\Models\SignModel.php(115): CodeIgniter\BaseModel->paginate(5)
 9 APPPATH\Controllers\SignController.php(36): App\Models\SignModel->getSignsByAssignedUserPaginated(10, 5)
10 SYSTEMPATH\CodeIgniter.php(933): App\Controllers\SignController->index()
11 SYSTEMPATH\CodeIgniter.php(507): CodeIgniter\CodeIgniter->runController(Object(App\Controllers\SignController))
12 SYSTEMPATH\CodeIgniter.php(354): CodeIgniter\CodeIgniter->handleRequest(null, Object(Config\Cache), false)
13 SYSTEMPATH\Boot.php(334): CodeIgniter\CodeIgniter->run()
14 SYSTEMPATH\Boot.php(67): CodeIgniter\Boot::runCodeIgniter(Object(CodeIgniter\CodeIgniter))
15 FCPATH\index.php(56): CodeIgniter\Boot::bootWeb(Object(Config\Paths))
DEBUG - 2025-06-03 09:48:34 --> Session: Class initialized using 'CodeIgniter\Session\Handlers\FileHandler' driver.
DEBUG - 2025-06-03 09:48:42 --> Session: Class initialized using 'CodeIgniter\Session\Handlers\FileHandler' driver.
DEBUG - 2025-06-03 09:48:56 --> Session: Class initialized using 'CodeIgniter\Session\Handlers\FileHandler' driver.
DEBUG - 2025-06-03 09:49:02 --> Session: Class initialized using 'CodeIgniter\Session\Handlers\FileHandler' driver.
ERROR - 2025-06-03 09:49:02 --> mysqli_sql_exception: Unknown column 'customers.city_state' in 'field list' in C:\xamppp\htdocs\multi_role_project\system\Database\MySQLi\Connection.php:327
Stack trace:
#0 C:\xamppp\htdocs\multi_role_project\system\Database\MySQLi\Connection.php(327): mysqli->query('SELECT `signs`....', 0)
#1 C:\xamppp\htdocs\multi_role_project\system\Database\BaseConnection.php(738): CodeIgniter\Database\MySQLi\Connection->execute('SELECT `signs`....')
#2 C:\xamppp\htdocs\multi_role_project\system\Database\BaseConnection.php(652): CodeIgniter\Database\BaseConnection->simpleQuery('SELECT `signs`....')
#3 C:\xamppp\htdocs\multi_role_project\system\Database\BaseBuilder.php(1649): CodeIgniter\Database\BaseConnection->query('SELECT `signs`....', Array, false)
#4 C:\xamppp\htdocs\multi_role_project\system\Model.php(286): CodeIgniter\Database\BaseBuilder->get()
#5 C:\xamppp\htdocs\multi_role_project\system\BaseModel.php(675): CodeIgniter\Model->doFindAll(5, 0)
#6 C:\xamppp\htdocs\multi_role_project\system\BaseModel.php(1287): CodeIgniter\BaseModel->findAll(5, 0)
#7 C:\xamppp\htdocs\multi_role_project\app\Models\SignModel.php(115): CodeIgniter\BaseModel->paginate(5)
#8 C:\xamppp\htdocs\multi_role_project\app\Controllers\SignController.php(36): App\Models\SignModel->getSignsByAssignedUserPaginated(10, 5)
#9 C:\xamppp\htdocs\multi_role_project\system\CodeIgniter.php(933): App\Controllers\SignController->index()
#10 C:\xamppp\htdocs\multi_role_project\system\CodeIgniter.php(507): CodeIgniter\CodeIgniter->runController(Object(App\Controllers\SignController))
#11 C:\xamppp\htdocs\multi_role_project\system\CodeIgniter.php(354): CodeIgniter\CodeIgniter->handleRequest(NULL, Object(Config\Cache), false)
#12 C:\xamppp\htdocs\multi_role_project\system\Boot.php(334): CodeIgniter\CodeIgniter->run()
#13 C:\xamppp\htdocs\multi_role_project\system\Boot.php(67): CodeIgniter\Boot::runCodeIgniter(Object(CodeIgniter\CodeIgniter))
#14 C:\xamppp\htdocs\multi_role_project\index.php(56): CodeIgniter\Boot::bootWeb(Object(Config\Paths))
#15 {main}
CRITICAL - 2025-06-03 09:49:02 --> CodeIgniter\Database\Exceptions\DatabaseException: Unknown column 'customers.city_state' in 'field list'
[Method: GET, Route: admin/signs]
in SYSTEMPATH\Database\BaseConnection.php on line 692.
 1 SYSTEMPATH\Database\BaseBuilder.php(1649): CodeIgniter\Database\BaseConnection->query('SELECT `signs`.*, `projects`.`name` AS `project_name`, CONCAT(customers.first_name, " ", customers.last_name) AS customer_name, CONCAT(customers.address1, ", ", `customers`.`address2`, ", ", customers.city_state) AS customer_address, `customers`.`zipcode`, `customers`.`company_name`, `customers`.`phone` AS `contact_info`, `customers`.`created_at` AS `customer_created_at`
FROM `signs`
LEFT JOIN `projects` ON `projects`.`id` = `signs`.`project_id`
LEFT JOIN `customers` ON `customers`.`id` = `projects`.`customer_id`
WHERE `signs`.`assigned_to` = :signs.assigned_to:
ORDER BY `signs`.`due_date` DESC
 LIMIT 5', [...], false)
 2 SYSTEMPATH\Model.php(286): CodeIgniter\Database\BaseBuilder->get()
 3 SYSTEMPATH\BaseModel.php(675): CodeIgniter\Model->doFindAll(5, 0)
 4 SYSTEMPATH\BaseModel.php(1287): CodeIgniter\BaseModel->findAll(5, 0)
 5 APPPATH\Models\SignModel.php(115): CodeIgniter\BaseModel->paginate(5)
 6 APPPATH\Controllers\SignController.php(36): App\Models\SignModel->getSignsByAssignedUserPaginated(10, 5)
 7 SYSTEMPATH\CodeIgniter.php(933): App\Controllers\SignController->index()
 8 SYSTEMPATH\CodeIgniter.php(507): CodeIgniter\CodeIgniter->runController(Object(App\Controllers\SignController))
 9 SYSTEMPATH\CodeIgniter.php(354): CodeIgniter\CodeIgniter->handleRequest(null, Object(Config\Cache), false)
10 SYSTEMPATH\Boot.php(334): CodeIgniter\CodeIgniter->run()
11 SYSTEMPATH\Boot.php(67): CodeIgniter\Boot::runCodeIgniter(Object(CodeIgniter\CodeIgniter))
12 FCPATH\index.php(56): CodeIgniter\Boot::bootWeb(Object(Config\Paths))
CRITICAL - 2025-06-03 09:49:02 --> [Caused by] CodeIgniter\Database\Exceptions\DatabaseException: Unknown column 'customers.city_state' in 'field list'
in SYSTEMPATH\Database\MySQLi\Connection.php on line 332.
 1 SYSTEMPATH\Database\BaseConnection.php(738): CodeIgniter\Database\MySQLi\Connection->execute('SELECT `signs`.*, `projects`.`name` AS `project_name`, CONCAT(customers.first_name, " ", customers.last_name) AS customer_name, CONCAT(customers.address1, ", ", `customers`.`address2`, ", ", customers.city_state) AS customer_address, `customers`.`zipcode`, `customers`.`company_name`, `customers`.`phone` AS `contact_info`, `customers`.`created_at` AS `customer_created_at`
FROM `signs`
LEFT JOIN `projects` ON `projects`.`id` = `signs`.`project_id`
LEFT JOIN `customers` ON `customers`.`id` = `projects`.`customer_id`
WHERE `signs`.`assigned_to` = 10
ORDER BY `signs`.`due_date` DESC
 LIMIT 5')
 2 SYSTEMPATH\Database\BaseConnection.php(652): CodeIgniter\Database\BaseConnection->simpleQuery('SELECT `signs`.*, `projects`.`name` AS `project_name`, CONCAT(customers.first_name, " ", customers.last_name) AS customer_name, CONCAT(customers.address1, ", ", `customers`.`address2`, ", ", customers.city_state) AS customer_address, `customers`.`zipcode`, `customers`.`company_name`, `customers`.`phone` AS `contact_info`, `customers`.`created_at` AS `customer_created_at`
FROM `signs`
LEFT JOIN `projects` ON `projects`.`id` = `signs`.`project_id`
LEFT JOIN `customers` ON `customers`.`id` = `projects`.`customer_id`
WHERE `signs`.`assigned_to` = 10
ORDER BY `signs`.`due_date` DESC
 LIMIT 5')
 3 SYSTEMPATH\Database\BaseBuilder.php(1649): CodeIgniter\Database\BaseConnection->query('SELECT `signs`.*, `projects`.`name` AS `project_name`, CONCAT(customers.first_name, " ", customers.last_name) AS customer_name, CONCAT(customers.address1, ", ", `customers`.`address2`, ", ", customers.city_state) AS customer_address, `customers`.`zipcode`, `customers`.`company_name`, `customers`.`phone` AS `contact_info`, `customers`.`created_at` AS `customer_created_at`
FROM `signs`
LEFT JOIN `projects` ON `projects`.`id` = `signs`.`project_id`
LEFT JOIN `customers` ON `customers`.`id` = `projects`.`customer_id`
WHERE `signs`.`assigned_to` = :signs.assigned_to:
ORDER BY `signs`.`due_date` DESC
 LIMIT 5', [...], false)
 4 SYSTEMPATH\Model.php(286): CodeIgniter\Database\BaseBuilder->get()
 5 SYSTEMPATH\BaseModel.php(675): CodeIgniter\Model->doFindAll(5, 0)
 6 SYSTEMPATH\BaseModel.php(1287): CodeIgniter\BaseModel->findAll(5, 0)
 7 APPPATH\Models\SignModel.php(115): CodeIgniter\BaseModel->paginate(5)
 8 APPPATH\Controllers\SignController.php(36): App\Models\SignModel->getSignsByAssignedUserPaginated(10, 5)
 9 SYSTEMPATH\CodeIgniter.php(933): App\Controllers\SignController->index()
10 SYSTEMPATH\CodeIgniter.php(507): CodeIgniter\CodeIgniter->runController(Object(App\Controllers\SignController))
11 SYSTEMPATH\CodeIgniter.php(354): CodeIgniter\CodeIgniter->handleRequest(null, Object(Config\Cache), false)
12 SYSTEMPATH\Boot.php(334): CodeIgniter\CodeIgniter->run()
13 SYSTEMPATH\Boot.php(67): CodeIgniter\Boot::runCodeIgniter(Object(CodeIgniter\CodeIgniter))
14 FCPATH\index.php(56): CodeIgniter\Boot::bootWeb(Object(Config\Paths))
CRITICAL - 2025-06-03 09:49:02 --> [Caused by] mysqli_sql_exception: Unknown column 'customers.city_state' in 'field list'
in SYSTEMPATH\Database\MySQLi\Connection.php on line 327.
 1 SYSTEMPATH\Database\MySQLi\Connection.php(327): mysqli->query('SELECT `signs`.*, `projects`.`name` AS `project_name`, CONCAT(customers.first_name, " ", customers.last_name) AS customer_name, CONCAT(customers.address1, ", ", `customers`.`address2`, ", ", customers.city_state) AS customer_address, `customers`.`zipcode`, `customers`.`company_name`, `customers`.`phone` AS `contact_info`, `customers`.`created_at` AS `customer_created_at`
FROM `signs`
LEFT JOIN `projects` ON `projects`.`id` = `signs`.`project_id`
LEFT JOIN `customers` ON `customers`.`id` = `projects`.`customer_id`
WHERE `signs`.`assigned_to` = 10
ORDER BY `signs`.`due_date` DESC
 LIMIT 5', 0)
 2 SYSTEMPATH\Database\BaseConnection.php(738): CodeIgniter\Database\MySQLi\Connection->execute('SELECT `signs`.*, `projects`.`name` AS `project_name`, CONCAT(customers.first_name, " ", customers.last_name) AS customer_name, CONCAT(customers.address1, ", ", `customers`.`address2`, ", ", customers.city_state) AS customer_address, `customers`.`zipcode`, `customers`.`company_name`, `customers`.`phone` AS `contact_info`, `customers`.`created_at` AS `customer_created_at`
FROM `signs`
LEFT JOIN `projects` ON `projects`.`id` = `signs`.`project_id`
LEFT JOIN `customers` ON `customers`.`id` = `projects`.`customer_id`
WHERE `signs`.`assigned_to` = 10
ORDER BY `signs`.`due_date` DESC
 LIMIT 5')
 3 SYSTEMPATH\Database\BaseConnection.php(652): CodeIgniter\Database\BaseConnection->simpleQuery('SELECT `signs`.*, `projects`.`name` AS `project_name`, CONCAT(customers.first_name, " ", customers.last_name) AS customer_name, CONCAT(customers.address1, ", ", `customers`.`address2`, ", ", customers.city_state) AS customer_address, `customers`.`zipcode`, `customers`.`company_name`, `customers`.`phone` AS `contact_info`, `customers`.`created_at` AS `customer_created_at`
FROM `signs`
LEFT JOIN `projects` ON `projects`.`id` = `signs`.`project_id`
LEFT JOIN `customers` ON `customers`.`id` = `projects`.`customer_id`
WHERE `signs`.`assigned_to` = 10
ORDER BY `signs`.`due_date` DESC
 LIMIT 5')
 4 SYSTEMPATH\Database\BaseBuilder.php(1649): CodeIgniter\Database\BaseConnection->query('SELECT `signs`.*, `projects`.`name` AS `project_name`, CONCAT(customers.first_name, " ", customers.last_name) AS customer_name, CONCAT(customers.address1, ", ", `customers`.`address2`, ", ", customers.city_state) AS customer_address, `customers`.`zipcode`, `customers`.`company_name`, `customers`.`phone` AS `contact_info`, `customers`.`created_at` AS `customer_created_at`
FROM `signs`
LEFT JOIN `projects` ON `projects`.`id` = `signs`.`project_id`
LEFT JOIN `customers` ON `customers`.`id` = `projects`.`customer_id`
WHERE `signs`.`assigned_to` = :signs.assigned_to:
ORDER BY `signs`.`due_date` DESC
 LIMIT 5', [...], false)
 5 SYSTEMPATH\Model.php(286): CodeIgniter\Database\BaseBuilder->get()
 6 SYSTEMPATH\BaseModel.php(675): CodeIgniter\Model->doFindAll(5, 0)
 7 SYSTEMPATH\BaseModel.php(1287): CodeIgniter\BaseModel->findAll(5, 0)
 8 APPPATH\Models\SignModel.php(115): CodeIgniter\BaseModel->paginate(5)
 9 APPPATH\Controllers\SignController.php(36): App\Models\SignModel->getSignsByAssignedUserPaginated(10, 5)
10 SYSTEMPATH\CodeIgniter.php(933): App\Controllers\SignController->index()
11 SYSTEMPATH\CodeIgniter.php(507): CodeIgniter\CodeIgniter->runController(Object(App\Controllers\SignController))
12 SYSTEMPATH\CodeIgniter.php(354): CodeIgniter\CodeIgniter->handleRequest(null, Object(Config\Cache), false)
13 SYSTEMPATH\Boot.php(334): CodeIgniter\CodeIgniter->run()
14 SYSTEMPATH\Boot.php(67): CodeIgniter\Boot::runCodeIgniter(Object(CodeIgniter\CodeIgniter))
15 FCPATH\index.php(56): CodeIgniter\Boot::bootWeb(Object(Config\Paths))
DEBUG - 2025-06-03 10:10:11 --> Session: Class initialized using 'CodeIgniter\Session\Handlers\FileHandler' driver.
ERROR - 2025-06-03 10:10:11 --> mysqli_sql_exception: Unknown column 'customers.city_state' in 'field list' in C:\xamppp\htdocs\multi_role_project\system\Database\MySQLi\Connection.php:327
Stack trace:
#0 C:\xamppp\htdocs\multi_role_project\system\Database\MySQLi\Connection.php(327): mysqli->query('SELECT `signs`....', 0)
#1 C:\xamppp\htdocs\multi_role_project\system\Database\BaseConnection.php(738): CodeIgniter\Database\MySQLi\Connection->execute('SELECT `signs`....')
#2 C:\xamppp\htdocs\multi_role_project\system\Database\BaseConnection.php(652): CodeIgniter\Database\BaseConnection->simpleQuery('SELECT `signs`....')
#3 C:\xamppp\htdocs\multi_role_project\system\Database\BaseBuilder.php(1649): CodeIgniter\Database\BaseConnection->query('SELECT `signs`....', Array, false)
#4 C:\xamppp\htdocs\multi_role_project\system\Model.php(286): CodeIgniter\Database\BaseBuilder->get()
#5 C:\xamppp\htdocs\multi_role_project\system\BaseModel.php(675): CodeIgniter\Model->doFindAll(5, 0)
#6 C:\xamppp\htdocs\multi_role_project\system\BaseModel.php(1287): CodeIgniter\BaseModel->findAll(5, 0)
#7 C:\xamppp\htdocs\multi_role_project\app\Models\SignModel.php(115): CodeIgniter\BaseModel->paginate(5)
#8 C:\xamppp\htdocs\multi_role_project\app\Controllers\SignController.php(36): App\Models\SignModel->getSignsByAssignedUserPaginated(10, 5)
#9 C:\xamppp\htdocs\multi_role_project\system\CodeIgniter.php(933): App\Controllers\SignController->index()
#10 C:\xamppp\htdocs\multi_role_project\system\CodeIgniter.php(507): CodeIgniter\CodeIgniter->runController(Object(App\Controllers\SignController))
#11 C:\xamppp\htdocs\multi_role_project\system\CodeIgniter.php(354): CodeIgniter\CodeIgniter->handleRequest(NULL, Object(Config\Cache), false)
#12 C:\xamppp\htdocs\multi_role_project\system\Boot.php(334): CodeIgniter\CodeIgniter->run()
#13 C:\xamppp\htdocs\multi_role_project\system\Boot.php(67): CodeIgniter\Boot::runCodeIgniter(Object(CodeIgniter\CodeIgniter))
#14 C:\xamppp\htdocs\multi_role_project\index.php(56): CodeIgniter\Boot::bootWeb(Object(Config\Paths))
#15 {main}
CRITICAL - 2025-06-03 10:10:11 --> CodeIgniter\Database\Exceptions\DatabaseException: Unknown column 'customers.city_state' in 'field list'
[Method: GET, Route: admin/signs]
in SYSTEMPATH\Database\BaseConnection.php on line 692.
 1 SYSTEMPATH\Database\BaseBuilder.php(1649): CodeIgniter\Database\BaseConnection->query('SELECT `signs`.*, `projects`.`name` AS `project_name`, CONCAT(customers.first_name, " ", customers.last_name) AS customer_name, CONCAT(customers.address1, ", ", `customers`.`address2`, ", ", customers.city_state) AS customer_address, `customers`.`zipcode`, `customers`.`company_name`, `customers`.`phone` AS `contact_info`, `customers`.`created_at` AS `customer_created_at`
FROM `signs`
LEFT JOIN `projects` ON `projects`.`id` = `signs`.`project_id`
LEFT JOIN `customers` ON `customers`.`id` = `projects`.`customer_id`
WHERE `signs`.`assigned_to` = :signs.assigned_to:
ORDER BY `signs`.`due_date` DESC
 LIMIT 5', [...], false)
 2 SYSTEMPATH\Model.php(286): CodeIgniter\Database\BaseBuilder->get()
 3 SYSTEMPATH\BaseModel.php(675): CodeIgniter\Model->doFindAll(5, 0)
 4 SYSTEMPATH\BaseModel.php(1287): CodeIgniter\BaseModel->findAll(5, 0)
 5 APPPATH\Models\SignModel.php(115): CodeIgniter\BaseModel->paginate(5)
 6 APPPATH\Controllers\SignController.php(36): App\Models\SignModel->getSignsByAssignedUserPaginated(10, 5)
 7 SYSTEMPATH\CodeIgniter.php(933): App\Controllers\SignController->index()
 8 SYSTEMPATH\CodeIgniter.php(507): CodeIgniter\CodeIgniter->runController(Object(App\Controllers\SignController))
 9 SYSTEMPATH\CodeIgniter.php(354): CodeIgniter\CodeIgniter->handleRequest(null, Object(Config\Cache), false)
10 SYSTEMPATH\Boot.php(334): CodeIgniter\CodeIgniter->run()
11 SYSTEMPATH\Boot.php(67): CodeIgniter\Boot::runCodeIgniter(Object(CodeIgniter\CodeIgniter))
12 FCPATH\index.php(56): CodeIgniter\Boot::bootWeb(Object(Config\Paths))
CRITICAL - 2025-06-03 10:10:11 --> [Caused by] CodeIgniter\Database\Exceptions\DatabaseException: Unknown column 'customers.city_state' in 'field list'
in SYSTEMPATH\Database\MySQLi\Connection.php on line 332.
 1 SYSTEMPATH\Database\BaseConnection.php(738): CodeIgniter\Database\MySQLi\Connection->execute('SELECT `signs`.*, `projects`.`name` AS `project_name`, CONCAT(customers.first_name, " ", customers.last_name) AS customer_name, CONCAT(customers.address1, ", ", `customers`.`address2`, ", ", customers.city_state) AS customer_address, `customers`.`zipcode`, `customers`.`company_name`, `customers`.`phone` AS `contact_info`, `customers`.`created_at` AS `customer_created_at`
FROM `signs`
LEFT JOIN `projects` ON `projects`.`id` = `signs`.`project_id`
LEFT JOIN `customers` ON `customers`.`id` = `projects`.`customer_id`
WHERE `signs`.`assigned_to` = 10
ORDER BY `signs`.`due_date` DESC
 LIMIT 5')
 2 SYSTEMPATH\Database\BaseConnection.php(652): CodeIgniter\Database\BaseConnection->simpleQuery('SELECT `signs`.*, `projects`.`name` AS `project_name`, CONCAT(customers.first_name, " ", customers.last_name) AS customer_name, CONCAT(customers.address1, ", ", `customers`.`address2`, ", ", customers.city_state) AS customer_address, `customers`.`zipcode`, `customers`.`company_name`, `customers`.`phone` AS `contact_info`, `customers`.`created_at` AS `customer_created_at`
FROM `signs`
LEFT JOIN `projects` ON `projects`.`id` = `signs`.`project_id`
LEFT JOIN `customers` ON `customers`.`id` = `projects`.`customer_id`
WHERE `signs`.`assigned_to` = 10
ORDER BY `signs`.`due_date` DESC
 LIMIT 5')
 3 SYSTEMPATH\Database\BaseBuilder.php(1649): CodeIgniter\Database\BaseConnection->query('SELECT `signs`.*, `projects`.`name` AS `project_name`, CONCAT(customers.first_name, " ", customers.last_name) AS customer_name, CONCAT(customers.address1, ", ", `customers`.`address2`, ", ", customers.city_state) AS customer_address, `customers`.`zipcode`, `customers`.`company_name`, `customers`.`phone` AS `contact_info`, `customers`.`created_at` AS `customer_created_at`
FROM `signs`
LEFT JOIN `projects` ON `projects`.`id` = `signs`.`project_id`
LEFT JOIN `customers` ON `customers`.`id` = `projects`.`customer_id`
WHERE `signs`.`assigned_to` = :signs.assigned_to:
ORDER BY `signs`.`due_date` DESC
 LIMIT 5', [...], false)
 4 SYSTEMPATH\Model.php(286): CodeIgniter\Database\BaseBuilder->get()
 5 SYSTEMPATH\BaseModel.php(675): CodeIgniter\Model->doFindAll(5, 0)
 6 SYSTEMPATH\BaseModel.php(1287): CodeIgniter\BaseModel->findAll(5, 0)
 7 APPPATH\Models\SignModel.php(115): CodeIgniter\BaseModel->paginate(5)
 8 APPPATH\Controllers\SignController.php(36): App\Models\SignModel->getSignsByAssignedUserPaginated(10, 5)
 9 SYSTEMPATH\CodeIgniter.php(933): App\Controllers\SignController->index()
10 SYSTEMPATH\CodeIgniter.php(507): CodeIgniter\CodeIgniter->runController(Object(App\Controllers\SignController))
11 SYSTEMPATH\CodeIgniter.php(354): CodeIgniter\CodeIgniter->handleRequest(null, Object(Config\Cache), false)
12 SYSTEMPATH\Boot.php(334): CodeIgniter\CodeIgniter->run()
13 SYSTEMPATH\Boot.php(67): CodeIgniter\Boot::runCodeIgniter(Object(CodeIgniter\CodeIgniter))
14 FCPATH\index.php(56): CodeIgniter\Boot::bootWeb(Object(Config\Paths))
CRITICAL - 2025-06-03 10:10:11 --> [Caused by] mysqli_sql_exception: Unknown column 'customers.city_state' in 'field list'
in SYSTEMPATH\Database\MySQLi\Connection.php on line 327.
 1 SYSTEMPATH\Database\MySQLi\Connection.php(327): mysqli->query('SELECT `signs`.*, `projects`.`name` AS `project_name`, CONCAT(customers.first_name, " ", customers.last_name) AS customer_name, CONCAT(customers.address1, ", ", `customers`.`address2`, ", ", customers.city_state) AS customer_address, `customers`.`zipcode`, `customers`.`company_name`, `customers`.`phone` AS `contact_info`, `customers`.`created_at` AS `customer_created_at`
FROM `signs`
LEFT JOIN `projects` ON `projects`.`id` = `signs`.`project_id`
LEFT JOIN `customers` ON `customers`.`id` = `projects`.`customer_id`
WHERE `signs`.`assigned_to` = 10
ORDER BY `signs`.`due_date` DESC
 LIMIT 5', 0)
 2 SYSTEMPATH\Database\BaseConnection.php(738): CodeIgniter\Database\MySQLi\Connection->execute('SELECT `signs`.*, `projects`.`name` AS `project_name`, CONCAT(customers.first_name, " ", customers.last_name) AS customer_name, CONCAT(customers.address1, ", ", `customers`.`address2`, ", ", customers.city_state) AS customer_address, `customers`.`zipcode`, `customers`.`company_name`, `customers`.`phone` AS `contact_info`, `customers`.`created_at` AS `customer_created_at`
FROM `signs`
LEFT JOIN `projects` ON `projects`.`id` = `signs`.`project_id`
LEFT JOIN `customers` ON `customers`.`id` = `projects`.`customer_id`
WHERE `signs`.`assigned_to` = 10
ORDER BY `signs`.`due_date` DESC
 LIMIT 5')
 3 SYSTEMPATH\Database\BaseConnection.php(652): CodeIgniter\Database\BaseConnection->simpleQuery('SELECT `signs`.*, `projects`.`name` AS `project_name`, CONCAT(customers.first_name, " ", customers.last_name) AS customer_name, CONCAT(customers.address1, ", ", `customers`.`address2`, ", ", customers.city_state) AS customer_address, `customers`.`zipcode`, `customers`.`company_name`, `customers`.`phone` AS `contact_info`, `customers`.`created_at` AS `customer_created_at`
FROM `signs`
LEFT JOIN `projects` ON `projects`.`id` = `signs`.`project_id`
LEFT JOIN `customers` ON `customers`.`id` = `projects`.`customer_id`
WHERE `signs`.`assigned_to` = 10
ORDER BY `signs`.`due_date` DESC
 LIMIT 5')
 4 SYSTEMPATH\Database\BaseBuilder.php(1649): CodeIgniter\Database\BaseConnection->query('SELECT `signs`.*, `projects`.`name` AS `project_name`, CONCAT(customers.first_name, " ", customers.last_name) AS customer_name, CONCAT(customers.address1, ", ", `customers`.`address2`, ", ", customers.city_state) AS customer_address, `customers`.`zipcode`, `customers`.`company_name`, `customers`.`phone` AS `contact_info`, `customers`.`created_at` AS `customer_created_at`
FROM `signs`
LEFT JOIN `projects` ON `projects`.`id` = `signs`.`project_id`
LEFT JOIN `customers` ON `customers`.`id` = `projects`.`customer_id`
WHERE `signs`.`assigned_to` = :signs.assigned_to:
ORDER BY `signs`.`due_date` DESC
 LIMIT 5', [...], false)
 5 SYSTEMPATH\Model.php(286): CodeIgniter\Database\BaseBuilder->get()
 6 SYSTEMPATH\BaseModel.php(675): CodeIgniter\Model->doFindAll(5, 0)
 7 SYSTEMPATH\BaseModel.php(1287): CodeIgniter\BaseModel->findAll(5, 0)
 8 APPPATH\Models\SignModel.php(115): CodeIgniter\BaseModel->paginate(5)
 9 APPPATH\Controllers\SignController.php(36): App\Models\SignModel->getSignsByAssignedUserPaginated(10, 5)
10 SYSTEMPATH\CodeIgniter.php(933): App\Controllers\SignController->index()
11 SYSTEMPATH\CodeIgniter.php(507): CodeIgniter\CodeIgniter->runController(Object(App\Controllers\SignController))
12 SYSTEMPATH\CodeIgniter.php(354): CodeIgniter\CodeIgniter->handleRequest(null, Object(Config\Cache), false)
13 SYSTEMPATH\Boot.php(334): CodeIgniter\CodeIgniter->run()
14 SYSTEMPATH\Boot.php(67): CodeIgniter\Boot::runCodeIgniter(Object(CodeIgniter\CodeIgniter))
15 FCPATH\index.php(56): CodeIgniter\Boot::bootWeb(Object(Config\Paths))
DEBUG - 2025-06-03 10:10:15 --> Session: Class initialized using 'CodeIgniter\Session\Handlers\FileHandler' driver.
DEBUG - 2025-06-03 10:11:27 --> Session: Class initialized using 'CodeIgniter\Session\Handlers\FileHandler' driver.
ERROR - 2025-06-03 10:11:27 --> mysqli_sql_exception: Unknown column 'customers.city_state' in 'field list' in C:\xamppp\htdocs\multi_role_project\system\Database\MySQLi\Connection.php:327
Stack trace:
#0 C:\xamppp\htdocs\multi_role_project\system\Database\MySQLi\Connection.php(327): mysqli->query('SELECT `signs`....', 0)
#1 C:\xamppp\htdocs\multi_role_project\system\Database\BaseConnection.php(738): CodeIgniter\Database\MySQLi\Connection->execute('SELECT `signs`....')
#2 C:\xamppp\htdocs\multi_role_project\system\Database\BaseConnection.php(652): CodeIgniter\Database\BaseConnection->simpleQuery('SELECT `signs`....')
#3 C:\xamppp\htdocs\multi_role_project\system\Database\BaseBuilder.php(1649): CodeIgniter\Database\BaseConnection->query('SELECT `signs`....', Array, false)
#4 C:\xamppp\htdocs\multi_role_project\system\Model.php(286): CodeIgniter\Database\BaseBuilder->get()
#5 C:\xamppp\htdocs\multi_role_project\system\BaseModel.php(675): CodeIgniter\Model->doFindAll(5, 0)
#6 C:\xamppp\htdocs\multi_role_project\system\BaseModel.php(1287): CodeIgniter\BaseModel->findAll(5, 0)
#7 C:\xamppp\htdocs\multi_role_project\app\Models\SignModel.php(115): CodeIgniter\BaseModel->paginate(5)
#8 C:\xamppp\htdocs\multi_role_project\app\Controllers\SignController.php(36): App\Models\SignModel->getSignsByAssignedUserPaginated(10, 5)
#9 C:\xamppp\htdocs\multi_role_project\system\CodeIgniter.php(933): App\Controllers\SignController->index()
#10 C:\xamppp\htdocs\multi_role_project\system\CodeIgniter.php(507): CodeIgniter\CodeIgniter->runController(Object(App\Controllers\SignController))
#11 C:\xamppp\htdocs\multi_role_project\system\CodeIgniter.php(354): CodeIgniter\CodeIgniter->handleRequest(NULL, Object(Config\Cache), false)
#12 C:\xamppp\htdocs\multi_role_project\system\Boot.php(334): CodeIgniter\CodeIgniter->run()
#13 C:\xamppp\htdocs\multi_role_project\system\Boot.php(67): CodeIgniter\Boot::runCodeIgniter(Object(CodeIgniter\CodeIgniter))
#14 C:\xamppp\htdocs\multi_role_project\index.php(56): CodeIgniter\Boot::bootWeb(Object(Config\Paths))
#15 {main}
CRITICAL - 2025-06-03 10:11:27 --> CodeIgniter\Database\Exceptions\DatabaseException: Unknown column 'customers.city_state' in 'field list'
[Method: GET, Route: admin/signs]
in SYSTEMPATH\Database\BaseConnection.php on line 692.
 1 SYSTEMPATH\Database\BaseBuilder.php(1649): CodeIgniter\Database\BaseConnection->query('SELECT `signs`.*, `projects`.`name` AS `project_name`, CONCAT(customers.first_name, " ", customers.last_name) AS customer_name, CONCAT(customers.address1, ", ", `customers`.`address2`, ", ", customers.city_state) AS customer_address, `customers`.`zipcode`, `customers`.`company_name`, `customers`.`phone` AS `contact_info`, `customers`.`created_at` AS `customer_created_at`
FROM `signs`
LEFT JOIN `projects` ON `projects`.`id` = `signs`.`project_id`
LEFT JOIN `customers` ON `customers`.`id` = `projects`.`customer_id`
WHERE `signs`.`assigned_to` = :signs.assigned_to:
ORDER BY `signs`.`due_date` DESC
 LIMIT 5', [...], false)
 2 SYSTEMPATH\Model.php(286): CodeIgniter\Database\BaseBuilder->get()
 3 SYSTEMPATH\BaseModel.php(675): CodeIgniter\Model->doFindAll(5, 0)
 4 SYSTEMPATH\BaseModel.php(1287): CodeIgniter\BaseModel->findAll(5, 0)
 5 APPPATH\Models\SignModel.php(115): CodeIgniter\BaseModel->paginate(5)
 6 APPPATH\Controllers\SignController.php(36): App\Models\SignModel->getSignsByAssignedUserPaginated(10, 5)
 7 SYSTEMPATH\CodeIgniter.php(933): App\Controllers\SignController->index()
 8 SYSTEMPATH\CodeIgniter.php(507): CodeIgniter\CodeIgniter->runController(Object(App\Controllers\SignController))
 9 SYSTEMPATH\CodeIgniter.php(354): CodeIgniter\CodeIgniter->handleRequest(null, Object(Config\Cache), false)
10 SYSTEMPATH\Boot.php(334): CodeIgniter\CodeIgniter->run()
11 SYSTEMPATH\Boot.php(67): CodeIgniter\Boot::runCodeIgniter(Object(CodeIgniter\CodeIgniter))
12 FCPATH\index.php(56): CodeIgniter\Boot::bootWeb(Object(Config\Paths))
CRITICAL - 2025-06-03 10:11:27 --> [Caused by] CodeIgniter\Database\Exceptions\DatabaseException: Unknown column 'customers.city_state' in 'field list'
in SYSTEMPATH\Database\MySQLi\Connection.php on line 332.
 1 SYSTEMPATH\Database\BaseConnection.php(738): CodeIgniter\Database\MySQLi\Connection->execute('SELECT `signs`.*, `projects`.`name` AS `project_name`, CONCAT(customers.first_name, " ", customers.last_name) AS customer_name, CONCAT(customers.address1, ", ", `customers`.`address2`, ", ", customers.city_state) AS customer_address, `customers`.`zipcode`, `customers`.`company_name`, `customers`.`phone` AS `contact_info`, `customers`.`created_at` AS `customer_created_at`
FROM `signs`
LEFT JOIN `projects` ON `projects`.`id` = `signs`.`project_id`
LEFT JOIN `customers` ON `customers`.`id` = `projects`.`customer_id`
WHERE `signs`.`assigned_to` = 10
ORDER BY `signs`.`due_date` DESC
 LIMIT 5')
 2 SYSTEMPATH\Database\BaseConnection.php(652): CodeIgniter\Database\BaseConnection->simpleQuery('SELECT `signs`.*, `projects`.`name` AS `project_name`, CONCAT(customers.first_name, " ", customers.last_name) AS customer_name, CONCAT(customers.address1, ", ", `customers`.`address2`, ", ", customers.city_state) AS customer_address, `customers`.`zipcode`, `customers`.`company_name`, `customers`.`phone` AS `contact_info`, `customers`.`created_at` AS `customer_created_at`
FROM `signs`
LEFT JOIN `projects` ON `projects`.`id` = `signs`.`project_id`
LEFT JOIN `customers` ON `customers`.`id` = `projects`.`customer_id`
WHERE `signs`.`assigned_to` = 10
ORDER BY `signs`.`due_date` DESC
 LIMIT 5')
 3 SYSTEMPATH\Database\BaseBuilder.php(1649): CodeIgniter\Database\BaseConnection->query('SELECT `signs`.*, `projects`.`name` AS `project_name`, CONCAT(customers.first_name, " ", customers.last_name) AS customer_name, CONCAT(customers.address1, ", ", `customers`.`address2`, ", ", customers.city_state) AS customer_address, `customers`.`zipcode`, `customers`.`company_name`, `customers`.`phone` AS `contact_info`, `customers`.`created_at` AS `customer_created_at`
FROM `signs`
LEFT JOIN `projects` ON `projects`.`id` = `signs`.`project_id`
LEFT JOIN `customers` ON `customers`.`id` = `projects`.`customer_id`
WHERE `signs`.`assigned_to` = :signs.assigned_to:
ORDER BY `signs`.`due_date` DESC
 LIMIT 5', [...], false)
 4 SYSTEMPATH\Model.php(286): CodeIgniter\Database\BaseBuilder->get()
 5 SYSTEMPATH\BaseModel.php(675): CodeIgniter\Model->doFindAll(5, 0)
 6 SYSTEMPATH\BaseModel.php(1287): CodeIgniter\BaseModel->findAll(5, 0)
 7 APPPATH\Models\SignModel.php(115): CodeIgniter\BaseModel->paginate(5)
 8 APPPATH\Controllers\SignController.php(36): App\Models\SignModel->getSignsByAssignedUserPaginated(10, 5)
 9 SYSTEMPATH\CodeIgniter.php(933): App\Controllers\SignController->index()
10 SYSTEMPATH\CodeIgniter.php(507): CodeIgniter\CodeIgniter->runController(Object(App\Controllers\SignController))
11 SYSTEMPATH\CodeIgniter.php(354): CodeIgniter\CodeIgniter->handleRequest(null, Object(Config\Cache), false)
12 SYSTEMPATH\Boot.php(334): CodeIgniter\CodeIgniter->run()
13 SYSTEMPATH\Boot.php(67): CodeIgniter\Boot::runCodeIgniter(Object(CodeIgniter\CodeIgniter))
14 FCPATH\index.php(56): CodeIgniter\Boot::bootWeb(Object(Config\Paths))
CRITICAL - 2025-06-03 10:11:27 --> [Caused by] mysqli_sql_exception: Unknown column 'customers.city_state' in 'field list'
in SYSTEMPATH\Database\MySQLi\Connection.php on line 327.
 1 SYSTEMPATH\Database\MySQLi\Connection.php(327): mysqli->query('SELECT `signs`.*, `projects`.`name` AS `project_name`, CONCAT(customers.first_name, " ", customers.last_name) AS customer_name, CONCAT(customers.address1, ", ", `customers`.`address2`, ", ", customers.city_state) AS customer_address, `customers`.`zipcode`, `customers`.`company_name`, `customers`.`phone` AS `contact_info`, `customers`.`created_at` AS `customer_created_at`
FROM `signs`
LEFT JOIN `projects` ON `projects`.`id` = `signs`.`project_id`
LEFT JOIN `customers` ON `customers`.`id` = `projects`.`customer_id`
WHERE `signs`.`assigned_to` = 10
ORDER BY `signs`.`due_date` DESC
 LIMIT 5', 0)
 2 SYSTEMPATH\Database\BaseConnection.php(738): CodeIgniter\Database\MySQLi\Connection->execute('SELECT `signs`.*, `projects`.`name` AS `project_name`, CONCAT(customers.first_name, " ", customers.last_name) AS customer_name, CONCAT(customers.address1, ", ", `customers`.`address2`, ", ", customers.city_state) AS customer_address, `customers`.`zipcode`, `customers`.`company_name`, `customers`.`phone` AS `contact_info`, `customers`.`created_at` AS `customer_created_at`
FROM `signs`
LEFT JOIN `projects` ON `projects`.`id` = `signs`.`project_id`
LEFT JOIN `customers` ON `customers`.`id` = `projects`.`customer_id`
WHERE `signs`.`assigned_to` = 10
ORDER BY `signs`.`due_date` DESC
 LIMIT 5')
 3 SYSTEMPATH\Database\BaseConnection.php(652): CodeIgniter\Database\BaseConnection->simpleQuery('SELECT `signs`.*, `projects`.`name` AS `project_name`, CONCAT(customers.first_name, " ", customers.last_name) AS customer_name, CONCAT(customers.address1, ", ", `customers`.`address2`, ", ", customers.city_state) AS customer_address, `customers`.`zipcode`, `customers`.`company_name`, `customers`.`phone` AS `contact_info`, `customers`.`created_at` AS `customer_created_at`
FROM `signs`
LEFT JOIN `projects` ON `projects`.`id` = `signs`.`project_id`
LEFT JOIN `customers` ON `customers`.`id` = `projects`.`customer_id`
WHERE `signs`.`assigned_to` = 10
ORDER BY `signs`.`due_date` DESC
 LIMIT 5')
 4 SYSTEMPATH\Database\BaseBuilder.php(1649): CodeIgniter\Database\BaseConnection->query('SELECT `signs`.*, `projects`.`name` AS `project_name`, CONCAT(customers.first_name, " ", customers.last_name) AS customer_name, CONCAT(customers.address1, ", ", `customers`.`address2`, ", ", customers.city_state) AS customer_address, `customers`.`zipcode`, `customers`.`company_name`, `customers`.`phone` AS `contact_info`, `customers`.`created_at` AS `customer_created_at`
FROM `signs`
LEFT JOIN `projects` ON `projects`.`id` = `signs`.`project_id`
LEFT JOIN `customers` ON `customers`.`id` = `projects`.`customer_id`
WHERE `signs`.`assigned_to` = :signs.assigned_to:
ORDER BY `signs`.`due_date` DESC
 LIMIT 5', [...], false)
 5 SYSTEMPATH\Model.php(286): CodeIgniter\Database\BaseBuilder->get()
 6 SYSTEMPATH\BaseModel.php(675): CodeIgniter\Model->doFindAll(5, 0)
 7 SYSTEMPATH\BaseModel.php(1287): CodeIgniter\BaseModel->findAll(5, 0)
 8 APPPATH\Models\SignModel.php(115): CodeIgniter\BaseModel->paginate(5)
 9 APPPATH\Controllers\SignController.php(36): App\Models\SignModel->getSignsByAssignedUserPaginated(10, 5)
10 SYSTEMPATH\CodeIgniter.php(933): App\Controllers\SignController->index()
11 SYSTEMPATH\CodeIgniter.php(507): CodeIgniter\CodeIgniter->runController(Object(App\Controllers\SignController))
12 SYSTEMPATH\CodeIgniter.php(354): CodeIgniter\CodeIgniter->handleRequest(null, Object(Config\Cache), false)
13 SYSTEMPATH\Boot.php(334): CodeIgniter\CodeIgniter->run()
14 SYSTEMPATH\Boot.php(67): CodeIgniter\Boot::runCodeIgniter(Object(CodeIgniter\CodeIgniter))
15 FCPATH\index.php(56): CodeIgniter\Boot::bootWeb(Object(Config\Paths))
DEBUG - 2025-06-03 10:13:28 --> Session: Class initialized using 'CodeIgniter\Session\Handlers\FileHandler' driver.
DEBUG - 2025-06-03 10:13:31 --> Session: Class initialized using 'CodeIgniter\Session\Handlers\FileHandler' driver.
DEBUG - 2025-06-03 10:14:03 --> Session: Class initialized using 'CodeIgniter\Session\Handlers\FileHandler' driver.
DEBUG - 2025-06-03 10:14:03 --> Session: Class initialized using 'CodeIgniter\Session\Handlers\FileHandler' driver.
DEBUG - 2025-06-03 11:46:28 --> Session: Class initialized using 'CodeIgniter\Session\Handlers\FileHandler' driver.
CRITICAL - 2025-06-03 11:46:28 --> ErrorException: Undefined array key "role"
[Method: GET, Route: admin/projects]
in APPPATH\Controllers\Admin\ProjectController.php on line 35.
 1 APPPATH\Controllers\Admin\ProjectController.php(35): CodeIgniter\Debug\Exceptions->errorHandler(2, 'Undefined array key "role"', 'C:\\xamppp\\htdocs\\multi_role_project\\app\\Controllers\\Admin\\ProjectController.php', 35)
 2 SYSTEMPATH\CodeIgniter.php(933): App\Controllers\Admin\ProjectController->index()
 3 SYSTEMPATH\CodeIgniter.php(507): CodeIgniter\CodeIgniter->runController(Object(App\Controllers\Admin\ProjectController))
 4 SYSTEMPATH\CodeIgniter.php(354): CodeIgniter\CodeIgniter->handleRequest(null, Object(Config\Cache), false)
 5 SYSTEMPATH\Boot.php(334): CodeIgniter\CodeIgniter->run()
 6 SYSTEMPATH\Boot.php(67): CodeIgniter\Boot::runCodeIgniter(Object(CodeIgniter\CodeIgniter))
 7 FCPATH\index.php(56): CodeIgniter\Boot::bootWeb(Object(Config\Paths))
DEBUG - 2025-06-03 11:46:31 --> Session: Class initialized using 'CodeIgniter\Session\Handlers\FileHandler' driver.
WARNING - 2025-06-03 11:46:31 --> [DEPRECATED] trim(): Passing null to parameter #1 ($string) of type string is deprecated in APPPATH\Views\layout\header.php on line 25.
 1 APPPATH\Views\layout\header.php(25): trim(null)
 2 SYSTEMPATH\View\View.php(224): include('C:\\xamppp\\htdocs\\multi_role_project\\app\\Views\\layout\\header.php')
 3 SYSTEMPATH\View\View.php(227): CodeIgniter\View\View->CodeIgniter\View\{closure}()
 4 SYSTEMPATH\View\View.php(240): CodeIgniter\View\View->render('layout/header', [], true)
 5 SYSTEMPATH\Common.php(1173): CodeIgniter\View\View->render('admin/signs/index', [], true)
 6 APPPATH\Controllers\SignController.php(80): view('admin/signs/index', [...])
 7 SYSTEMPATH\CodeIgniter.php(933): App\Controllers\SignController->index()
 8 SYSTEMPATH\CodeIgniter.php(507): CodeIgniter\CodeIgniter->runController(Object(App\Controllers\SignController))
 9 SYSTEMPATH\CodeIgniter.php(354): CodeIgniter\CodeIgniter->handleRequest(null, Object(Config\Cache), false)
10 SYSTEMPATH\Boot.php(334): CodeIgniter\CodeIgniter->run()
11 SYSTEMPATH\Boot.php(67): CodeIgniter\Boot::runCodeIgniter(Object(CodeIgniter\CodeIgniter))
12 FCPATH\index.php(56): CodeIgniter\Boot::bootWeb(Object(Config\Paths))
WARNING - 2025-06-03 11:46:31 --> [DEPRECATED] urlencode(): Passing null to parameter #1 ($string) of type string is deprecated in APPPATH\Views\layout\header.php on line 56.
 1 APPPATH\Views\layout\header.php(56): urlencode(null)
 2 SYSTEMPATH\View\View.php(224): include('C:\\xamppp\\htdocs\\multi_role_project\\app\\Views\\layout\\header.php')
 3 SYSTEMPATH\View\View.php(227): CodeIgniter\View\View->CodeIgniter\View\{closure}()
 4 SYSTEMPATH\View\View.php(240): CodeIgniter\View\View->render('layout/header', [], true)
 5 SYSTEMPATH\Common.php(1173): CodeIgniter\View\View->render('admin/signs/index', [], true)
 6 APPPATH\Controllers\SignController.php(80): view('admin/signs/index', [...])
 7 SYSTEMPATH\CodeIgniter.php(933): App\Controllers\SignController->index()
 8 SYSTEMPATH\CodeIgniter.php(507): CodeIgniter\CodeIgniter->runController(Object(App\Controllers\SignController))
 9 SYSTEMPATH\CodeIgniter.php(354): CodeIgniter\CodeIgniter->handleRequest(null, Object(Config\Cache), false)
10 SYSTEMPATH\Boot.php(334): CodeIgniter\CodeIgniter->run()
11 SYSTEMPATH\Boot.php(67): CodeIgniter\Boot::runCodeIgniter(Object(CodeIgniter\CodeIgniter))
12 FCPATH\index.php(56): CodeIgniter\Boot::bootWeb(Object(Config\Paths))
DEBUG - 2025-06-03 11:46:33 --> Session: Class initialized using 'CodeIgniter\Session\Handlers\FileHandler' driver.
DEBUG - 2025-06-03 11:46:33 --> Session: Class initialized using 'CodeIgniter\Session\Handlers\FileHandler' driver.
DEBUG - 2025-06-03 11:46:36 --> Session: Class initialized using 'CodeIgniter\Session\Handlers\FileHandler' driver.
DEBUG - 2025-06-03 11:46:36 --> Session: Class initialized using 'CodeIgniter\Session\Handlers\FileHandler' driver.
DEBUG - 2025-06-03 11:46:39 --> Session: Class initialized using 'CodeIgniter\Session\Handlers\FileHandler' driver.
DEBUG - 2025-06-03 11:46:41 --> Session: Class initialized using 'CodeIgniter\Session\Handlers\FileHandler' driver.
DEBUG - 2025-06-03 11:46:43 --> Session: Class initialized using 'CodeIgniter\Session\Handlers\FileHandler' driver.
DEBUG - 2025-06-03 12:58:09 --> Session: Class initialized using 'CodeIgniter\Session\Handlers\FileHandler' driver.
DEBUG - 2025-06-03 12:58:12 --> Session: Class initialized using 'CodeIgniter\Session\Handlers\FileHandler' driver.
