CRITICAL - 2025-04-30 11:58:11 --> TypeError: trim(): Argument #1 ($string) must be of type string, array given
[Method: GET, Route: /]
in SYSTEMPATH\Filters\Filters.php on line 918.
 1 SYSTEMPATH\Filters\Filters.php(918): trim([...], '/ ')
 2 SYSTEMPATH\Filters\Filters.php(881): CodeIgniter\Filters\Filters->checkPseudoRegex('', [...])
 3 SYSTEMPATH\Filters\Filters.php(791): CodeIgniter\Filters\Filters->pathApplies('', [...])
 4 SYSTEMPATH\Filters\Filters.php(474): CodeIgniter\Filters\Filters->processFilters('')
 5 SYSTEMPATH\Filters\Filters.php(218): CodeIgniter\Filters\Filters->initialize('')
 6 SYSTEMPATH\CodeIgniter.php(479): CodeIgniter\Filters\Filters->run('', 'before')
 7 SYSTEMPATH\CodeIgniter.php(354): CodeIgniter\CodeIgniter->handleRequest(null, Object(Config\Cache), false)
 8 SYSTEMPATH\Boot.php(334): CodeIgniter\CodeIgniter->run()
 9 SYSTEMPATH\Boot.php(67): CodeIgniter\Boot::runCodeIgniter(Object(CodeIgniter\CodeIgniter))
10 FCPATH\index.php(56): CodeIgniter\Boot::bootWeb(Object(Config\Paths))
CRITICAL - 2025-04-30 12:16:09 --> TypeError: trim(): Argument #1 ($string) must be of type string, array given
[Method: GET, Route: /]
in SYSTEMPATH\Filters\Filters.php on line 918.
 1 SYSTEMPATH\Filters\Filters.php(918): trim([...], '/ ')
 2 SYSTEMPATH\Filters\Filters.php(881): CodeIgniter\Filters\Filters->checkPseudoRegex('', [...])
 3 SYSTEMPATH\Filters\Filters.php(791): CodeIgniter\Filters\Filters->pathApplies('', [...])
 4 SYSTEMPATH\Filters\Filters.php(474): CodeIgniter\Filters\Filters->processFilters('')
 5 SYSTEMPATH\Filters\Filters.php(218): CodeIgniter\Filters\Filters->initialize('')
 6 SYSTEMPATH\CodeIgniter.php(479): CodeIgniter\Filters\Filters->run('', 'before')
 7 SYSTEMPATH\CodeIgniter.php(354): CodeIgniter\CodeIgniter->handleRequest(null, Object(Config\Cache), false)
 8 SYSTEMPATH\Boot.php(334): CodeIgniter\CodeIgniter->run()
 9 SYSTEMPATH\Boot.php(67): CodeIgniter\Boot::runCodeIgniter(Object(CodeIgniter\CodeIgniter))
10 FCPATH\index.php(56): CodeIgniter\Boot::bootWeb(Object(Config\Paths))
DEBUG - 2025-04-30 12:49:15 --> Session: Class initialized using 'CodeIgniter\Session\Handlers\FileHandler' driver.
DEBUG - 2025-04-30 12:50:11 --> Session: Class initialized using 'CodeIgniter\Session\Handlers\FileHandler' driver.
DEBUG - 2025-04-30 12:50:27 --> Session: Class initialized using 'CodeIgniter\Session\Handlers\FileHandler' driver.
DEBUG - 2025-04-30 12:51:07 --> Session: Class initialized using 'CodeIgniter\Session\Handlers\FileHandler' driver.
DEBUG - 2025-04-30 12:51:27 --> Session: Class initialized using 'CodeIgniter\Session\Handlers\FileHandler' driver.
CRITICAL - 2025-04-30 12:51:27 --> TypeError: in_array(): Argument #2 ($haystack) must be of type array, null given
[Method: GET, Route: superadmin/dashboard]
in APPPATH\Filters\RoleFilter.php on line 18.
 1 APPPATH\Filters\RoleFilter.php(18): in_array(null, null)
 2 SYSTEMPATH\Filters\Filters.php(241): App\Filters\RoleFilter->before(Object(CodeIgniter\HTTP\IncomingRequest), null)
 3 SYSTEMPATH\Filters\Filters.php(221): CodeIgniter\Filters\Filters->runBefore([...])
 4 SYSTEMPATH\CodeIgniter.php(479): CodeIgniter\Filters\Filters->run('superadmin/dashboard', 'before')
 5 SYSTEMPATH\CodeIgniter.php(354): CodeIgniter\CodeIgniter->handleRequest(null, Object(Config\Cache), false)
 6 SYSTEMPATH\Boot.php(334): CodeIgniter\CodeIgniter->run()
 7 SYSTEMPATH\Boot.php(67): CodeIgniter\Boot::runCodeIgniter(Object(CodeIgniter\CodeIgniter))
 8 FCPATH\index.php(56): CodeIgniter\Boot::bootWeb(Object(Config\Paths))
DEBUG - 2025-04-30 12:51:51 --> Session: Class initialized using 'CodeIgniter\Session\Handlers\FileHandler' driver.
CRITICAL - 2025-04-30 12:51:51 --> TypeError: in_array(): Argument #2 ($haystack) must be of type array, null given
[Method: GET, Route: admin/dashboard]
in APPPATH\Filters\RoleFilter.php on line 18.
 1 APPPATH\Filters\RoleFilter.php(18): in_array(null, null)
 2 SYSTEMPATH\Filters\Filters.php(241): App\Filters\RoleFilter->before(Object(CodeIgniter\HTTP\IncomingRequest), null)
 3 SYSTEMPATH\Filters\Filters.php(221): CodeIgniter\Filters\Filters->runBefore([...])
 4 SYSTEMPATH\CodeIgniter.php(479): CodeIgniter\Filters\Filters->run('admin/dashboard', 'before')
 5 SYSTEMPATH\CodeIgniter.php(354): CodeIgniter\CodeIgniter->handleRequest(null, Object(Config\Cache), false)
 6 SYSTEMPATH\Boot.php(334): CodeIgniter\CodeIgniter->run()
 7 SYSTEMPATH\Boot.php(67): CodeIgniter\Boot::runCodeIgniter(Object(CodeIgniter\CodeIgniter))
 8 FCPATH\index.php(56): CodeIgniter\Boot::bootWeb(Object(Config\Paths))
DEBUG - 2025-04-30 12:54:42 --> Session: Class initialized using 'CodeIgniter\Session\Handlers\FileHandler' driver.
CRITICAL - 2025-04-30 12:54:42 --> TypeError: in_array(): Argument #2 ($haystack) must be of type array, null given
[Method: GET, Route: admin/dashboard]
in APPPATH\Filters\RoleFilter.php on line 18.
 1 APPPATH\Filters\RoleFilter.php(18): in_array(null, null)
 2 SYSTEMPATH\Filters\Filters.php(241): App\Filters\RoleFilter->before(Object(CodeIgniter\HTTP\IncomingRequest), null)
 3 SYSTEMPATH\Filters\Filters.php(221): CodeIgniter\Filters\Filters->runBefore([...])
 4 SYSTEMPATH\CodeIgniter.php(479): CodeIgniter\Filters\Filters->run('admin/dashboard', 'before')
 5 SYSTEMPATH\CodeIgniter.php(354): CodeIgniter\CodeIgniter->handleRequest(null, Object(Config\Cache), false)
 6 SYSTEMPATH\Boot.php(334): CodeIgniter\CodeIgniter->run()
 7 SYSTEMPATH\Boot.php(67): CodeIgniter\Boot::runCodeIgniter(Object(CodeIgniter\CodeIgniter))
 8 FCPATH\index.php(56): CodeIgniter\Boot::bootWeb(Object(Config\Paths))
DEBUG - 2025-04-30 12:55:01 --> Session: Class initialized using 'CodeIgniter\Session\Handlers\FileHandler' driver.
DEBUG - 2025-04-30 12:59:20 --> Session: Class initialized using 'CodeIgniter\Session\Handlers\FileHandler' driver.
CRITICAL - 2025-04-30 12:59:20 --> TypeError: in_array(): Argument #2 ($haystack) must be of type array, null given
[Method: GET, Route: admin/dashboard]
in APPPATH\Filters\RoleFilter.php on line 18.
 1 APPPATH\Filters\RoleFilter.php(18): in_array(null, null)
 2 SYSTEMPATH\Filters\Filters.php(241): App\Filters\RoleFilter->before(Object(CodeIgniter\HTTP\IncomingRequest), null)
 3 SYSTEMPATH\Filters\Filters.php(221): CodeIgniter\Filters\Filters->runBefore([...])
 4 SYSTEMPATH\CodeIgniter.php(479): CodeIgniter\Filters\Filters->run('admin/dashboard', 'before')
 5 SYSTEMPATH\CodeIgniter.php(354): CodeIgniter\CodeIgniter->handleRequest(null, Object(Config\Cache), false)
 6 SYSTEMPATH\Boot.php(334): CodeIgniter\CodeIgniter->run()
 7 SYSTEMPATH\Boot.php(67): CodeIgniter\Boot::runCodeIgniter(Object(CodeIgniter\CodeIgniter))
 8 FCPATH\index.php(56): CodeIgniter\Boot::bootWeb(Object(Config\Paths))
DEBUG - 2025-04-30 12:59:25 --> Session: Class initialized using 'CodeIgniter\Session\Handlers\FileHandler' driver.
CRITICAL - 2025-04-30 12:59:25 --> TypeError: in_array(): Argument #2 ($haystack) must be of type array, null given
[Method: GET, Route: admin/dashboard]
in APPPATH\Filters\RoleFilter.php on line 18.
 1 APPPATH\Filters\RoleFilter.php(18): in_array(null, null)
 2 SYSTEMPATH\Filters\Filters.php(241): App\Filters\RoleFilter->before(Object(CodeIgniter\HTTP\IncomingRequest), null)
 3 SYSTEMPATH\Filters\Filters.php(221): CodeIgniter\Filters\Filters->runBefore([...])
 4 SYSTEMPATH\CodeIgniter.php(479): CodeIgniter\Filters\Filters->run('admin/dashboard', 'before')
 5 SYSTEMPATH\CodeIgniter.php(354): CodeIgniter\CodeIgniter->handleRequest(null, Object(Config\Cache), false)
 6 SYSTEMPATH\Boot.php(334): CodeIgniter\CodeIgniter->run()
 7 SYSTEMPATH\Boot.php(67): CodeIgniter\Boot::runCodeIgniter(Object(CodeIgniter\CodeIgniter))
 8 FCPATH\index.php(56): CodeIgniter\Boot::bootWeb(Object(Config\Paths))
DEBUG - 2025-04-30 13:00:43 --> Session: Class initialized using 'CodeIgniter\Session\Handlers\FileHandler' driver.
DEBUG - 2025-04-30 13:01:14 --> Session: Class initialized using 'CodeIgniter\Session\Handlers\FileHandler' driver.
DEBUG - 2025-04-30 13:01:38 --> Session: Class initialized using 'CodeIgniter\Session\Handlers\FileHandler' driver.
CRITICAL - 2025-04-30 13:03:59 --> TypeError: trim(): Argument #1 ($string) must be of type string, array given
[Method: GET, Route: login]
in SYSTEMPATH\Filters\Filters.php on line 918.
 1 SYSTEMPATH\Filters\Filters.php(918): trim([...], '/ ')
 2 SYSTEMPATH\Filters\Filters.php(881): CodeIgniter\Filters\Filters->checkPseudoRegex('login', [...])
 3 SYSTEMPATH\Filters\Filters.php(791): CodeIgniter\Filters\Filters->pathApplies('login', [...])
 4 SYSTEMPATH\Filters\Filters.php(474): CodeIgniter\Filters\Filters->processFilters('login')
 5 SYSTEMPATH\Filters\Filters.php(218): CodeIgniter\Filters\Filters->initialize('login')
 6 SYSTEMPATH\CodeIgniter.php(479): CodeIgniter\Filters\Filters->run('login', 'before')
 7 SYSTEMPATH\CodeIgniter.php(354): CodeIgniter\CodeIgniter->handleRequest(null, Object(Config\Cache), false)
 8 SYSTEMPATH\Boot.php(334): CodeIgniter\CodeIgniter->run()
 9 SYSTEMPATH\Boot.php(67): CodeIgniter\Boot::runCodeIgniter(Object(CodeIgniter\CodeIgniter))
10 FCPATH\index.php(56): CodeIgniter\Boot::bootWeb(Object(Config\Paths))
DEBUG - 2025-04-30 13:04:14 --> Session: Class initialized using 'CodeIgniter\Session\Handlers\FileHandler' driver.
DEBUG - 2025-04-30 13:06:09 --> Session: Class initialized using 'CodeIgniter\Session\Handlers\FileHandler' driver.
DEBUG - 2025-04-30 13:06:17 --> Session: Class initialized using 'CodeIgniter\Session\Handlers\FileHandler' driver.
DEBUG - 2025-04-30 13:08:36 --> Session: Class initialized using 'CodeIgniter\Session\Handlers\FileHandler' driver.
DEBUG - 2025-04-30 13:08:45 --> Session: Class initialized using 'CodeIgniter\Session\Handlers\FileHandler' driver.
DEBUG - 2025-04-30 13:19:01 --> Session: Class initialized using 'CodeIgniter\Session\Handlers\FileHandler' driver.
DEBUG - 2025-04-30 13:19:14 --> Session: Class initialized using 'CodeIgniter\Session\Handlers\FileHandler' driver.
DEBUG - 2025-04-30 13:19:15 --> Session: Class initialized using 'CodeIgniter\Session\Handlers\FileHandler' driver.
DEBUG - 2025-04-30 13:19:32 --> Session: Class initialized using 'CodeIgniter\Session\Handlers\FileHandler' driver.
DEBUG - 2025-04-30 13:19:33 --> Session: Class initialized using 'CodeIgniter\Session\Handlers\FileHandler' driver.
DEBUG - 2025-04-30 13:19:35 --> Session: Class initialized using 'CodeIgniter\Session\Handlers\FileHandler' driver.
DEBUG - 2025-04-30 13:19:38 --> Session: Class initialized using 'CodeIgniter\Session\Handlers\FileHandler' driver.
DEBUG - 2025-04-30 13:19:53 --> Session: Class initialized using 'CodeIgniter\Session\Handlers\FileHandler' driver.
DEBUG - 2025-04-30 13:19:53 --> Session: Class initialized using 'CodeIgniter\Session\Handlers\FileHandler' driver.
DEBUG - 2025-04-30 13:22:11 --> Session: Class initialized using 'CodeIgniter\Session\Handlers\FileHandler' driver.
DEBUG - 2025-04-30 13:22:11 --> Session: Class initialized using 'CodeIgniter\Session\Handlers\FileHandler' driver.
DEBUG - 2025-04-30 13:25:22 --> Session: Class initialized using 'CodeIgniter\Session\Handlers\FileHandler' driver.
DEBUG - 2025-04-30 13:25:23 --> Session: Class initialized using 'CodeIgniter\Session\Handlers\FileHandler' driver.
DEBUG - 2025-04-30 13:25:41 --> Session: Class initialized using 'CodeIgniter\Session\Handlers\FileHandler' driver.
DEBUG - 2025-04-30 13:26:30 --> Session: Class initialized using 'CodeIgniter\Session\Handlers\FileHandler' driver.
